<?xml version="1.0" encoding="UTF-8"?>
<!-- Generated by org.testng.reporters.JUnitReportReporter -->
<testsuite hostname="LAPTOP-9AVSRCSC" failures="0" tests="1" name="com.Test2" time="15.768" errors="0" timestamp="2025-01-17T09:18:30 IST" skipped="0">
  <testcase classname="com.Test2" name="dynamicpages" time="15.768"/>
  <system-out/>
</testsuite> <!-- com.Test2 -->
