<?xml version="1.0" encoding="UTF-8"?>
<!-- Generated by org.testng.reporters.JUnitReportReporter -->
<testsuite hostname="LAPTOP-9AVSRCSC" failures="0" tests="3" name="com.test1" time="42.846" errors="0" timestamp="2025-03-08T19:14:54 IST" skipped="0">
  <testcase classname="com.test1" name="test" time="2.122"/>
  <system-out/>
  <testcase classname="com.test1" name="fillformss" time="23.210"/>
  <system-out/>
  <testcase classname="com.test1" name="lognpages" time="17.514"/>
  <system-out/>
</testsuite> <!-- com.test1 -->
